<?xml version="1.0" encoding="UTF-8"?>
<!-- Generated by org.testng.reporters.JUnitXMLReporter -->
<testsuite hostname="epagedev" ignored="0" name="TVSXL verify product price" tests="495" failures="33" timestamp="28 Jul 2019 13:01:05 GMT" time="1176.032" errors="0">
  <testcase name="test" time="2.562" classname="com.test.apache.Getprice"/>
  <testcase name="test" time="2.318" classname="com.test.apache.Getprice"/>
  <testcase name="test" time="2.394" classname="com.test.apache.Getprice"/>
  <testcase name="test" time="2.351" classname="com.test.apache.Getprice"/>
  <testcase name="test" time="2.33" classname="com.test.apache.Getprice"/>
  <testcase name="test" time="2.388" classname="com.test.apache.Getprice"/>
  <testcase name="test" time="2.329" classname="com.test.apache.Getprice"/>
  <testcase name="test" time="2.328" classname="com.test.apache.Getprice"/>
  <testcase name="test" time="2.312" classname="com.test.apache.Getprice"/>
  <testcase name="test" time="2.38" classname="com.test.apache.Getprice"/>
  <testcase name="test" time="2.305" classname="com.test.apache.Getprice"/>
  <testcase name="test" time="2.286" classname="com.test.apache.Getprice"/>
  <testcase name="test" time="2.38" classname="com.test.apache.Getprice"/>
  <testcase name="test" time="2.394" classname="com.test.apache.Getprice"/>
  <testcase name="test" time="2.291" classname="com.test.apache.Getprice">
    <failure type="java.lang.AssertionError" message="expected [85852.0] but found [86552.0]">
      <![CDATA[java.lang.AssertionError: expected [85852.0] but found [86552.0]
at com.test.apache.Getprice.test(Getprice.java:77)
... Removed 31 stack frames]]>
    </failure>
  </testcase> <!-- test -->
  <testcase name="test" time="2.421" classname="com.test.apache.Getprice"/>
  <testcase name="test" time="2.289" classname="com.test.apache.Getprice"/>
  <testcase name="test" time="2.288" classname="com.test.apache.Getprice"/>
  <testcase name="test" time="2.389" classname="com.test.apache.Getprice"/>
  <testcase name="test" time="2.304" classname="com.test.apache.Getprice"/>
  <testcase name="test" time="2.361" classname="com.test.apache.Getprice"/>
  <testcase name="test" time="2.302" classname="com.test.apache.Getprice"/>
  <testcase name="test" time="2.289" classname="com.test.apache.Getprice"/>
  <testcase name="test" time="2.351" classname="com.test.apache.Getprice"/>
  <testcase name="test" time="2.332" classname="com.test.apache.Getprice"/>
  <testcase name="test" time="2.3" classname="com.test.apache.Getprice"/>
  <testcase name="test" time="2.362" classname="com.test.apache.Getprice"/>
  <testcase name="test" time="2.285" classname="com.test.apache.Getprice"/>
  <testcase name="test" time="2.407" classname="com.test.apache.Getprice"/>
  <testcase name="test" time="2.326" classname="com.test.apache.Getprice"/>
  <testcase name="test" time="2.383" classname="com.test.apache.Getprice"/>
  <testcase name="test" time="2.286" classname="com.test.apache.Getprice"/>
  <testcase name="test" time="2.306" classname="com.test.apache.Getprice"/>
  <testcase name="test" time="2.286" classname="com.test.apache.Getprice"/>
  <testcase name="test" time="2.292" classname="com.test.apache.Getprice"/>
  <testcase name="test" time="2.292" classname="com.test.apache.Getprice"/>
  <testcase name="test" time="2.296" classname="com.test.apache.Getprice"/>
  <testcase name="test" time="2.299" classname="com.test.apache.Getprice"/>
  <testcase name="test" time="2.335" classname="com.test.apache.Getprice"/>
  <testcase name="test" time="2.347" classname="com.test.apache.Getprice"/>
  <testcase name="test" time="2.27" classname="com.test.apache.Getprice"/>
  <testcase name="test" time="2.264" classname="com.test.apache.Getprice"/>
  <testcase name="test" time="2.339" classname="com.test.apache.Getprice"/>
  <testcase name="test" time="2.406" classname="com.test.apache.Getprice"/>
  <testcase name="test" time="2.271" classname="com.test.apache.Getprice"/>
  <testcase name="test" time="2.448" classname="com.test.apache.Getprice"/>
  <testcase name="test" time="2.307" classname="com.test.apache.Getprice"/>
  <testcase name="test" time="2.296" classname="com.test.apache.Getprice"/>
  <testcase name="test" time="2.327" classname="com.test.apache.Getprice"/>
  <testcase name="test" time="2.296" classname="com.test.apache.Getprice"/>
  <testcase name="test" time="2.306" classname="com.test.apache.Getprice"/>
  <testcase name="test" time="2.302" classname="com.test.apache.Getprice"/>
  <testcase name="test" time="2.334" classname="com.test.apache.Getprice"/>
  <testcase name="test" time="2.281" classname="com.test.apache.Getprice"/>
  <testcase name="test" time="2.368" classname="com.test.apache.Getprice"/>
  <testcase name="test" time="2.279" classname="com.test.apache.Getprice"/>
  <testcase name="test" time="2.3" classname="com.test.apache.Getprice"/>
  <testcase name="test" time="2.304" classname="com.test.apache.Getprice"/>
  <testcase name="test" time="2.353" classname="com.test.apache.Getprice"/>
  <testcase name="test" time="2.322" classname="com.test.apache.Getprice"/>
  <testcase name="test" time="2.406" classname="com.test.apache.Getprice"/>
  <testcase name="test" time="2.307" classname="com.test.apache.Getprice"/>
  <testcase name="test" time="2.279" classname="com.test.apache.Getprice"/>
  <testcase name="test" time="2.302" classname="com.test.apache.Getprice"/>
  <testcase name="test" time="2.292" classname="com.test.apache.Getprice"/>
  <testcase name="test" time="2.333" classname="com.test.apache.Getprice"/>
  <testcase name="test" time="2.298" classname="com.test.apache.Getprice"/>
  <testcase name="test" time="2.267" classname="com.test.apache.Getprice"/>
  <testcase name="test" time="2.282" classname="com.test.apache.Getprice"/>
  <testcase name="test" time="2.332" classname="com.test.apache.Getprice"/>
  <testcase name="test" time="2.377" classname="com.test.apache.Getprice"/>
  <testcase name="test" time="2.28" classname="com.test.apache.Getprice"/>
  <testcase name="test" time="2.328" classname="com.test.apache.Getprice"/>
  <testcase name="test" time="2.373" classname="com.test.apache.Getprice"/>
  <testcase name="test" time="2.295" classname="com.test.apache.Getprice"/>
  <testcase name="test" time="2.402" classname="com.test.apache.Getprice"/>
  <testcase name="test" time="2.252" classname="com.test.apache.Getprice"/>
  <testcase name="test" time="2.331" classname="com.test.apache.Getprice"/>
  <testcase name="test" time="2.352" classname="com.test.apache.Getprice"/>
  <testcase name="test" time="2.368" classname="com.test.apache.Getprice"/>
  <testcase name="test" time="2.32" classname="com.test.apache.Getprice"/>
  <testcase name="test" time="2.287" classname="com.test.apache.Getprice"/>
  <testcase name="test" time="2.247" classname="com.test.apache.Getprice"/>
  <testcase name="test" time="2.346" classname="com.test.apache.Getprice"/>
  <testcase name="test" time="2.371" classname="com.test.apache.Getprice"/>
  <testcase name="test" time="2.269" classname="com.test.apache.Getprice"/>
  <testcase name="test" time="2.338" classname="com.test.apache.Getprice"/>
  <testcase name="test" time="2.319" classname="com.test.apache.Getprice"/>
  <testcase name="test" time="2.354" classname="com.test.apache.Getprice"/>
  <testcase name="test" time="2.322" classname="com.test.apache.Getprice"/>
  <testcase name="test" time="2.395" classname="com.test.apache.Getprice"/>
  <testcase name="test" time="2.36" classname="com.test.apache.Getprice"/>
  <testcase name="test" time="2.308" classname="com.test.apache.Getprice"/>
  <testcase name="test" time="2.332" classname="com.test.apache.Getprice"/>
  <testcase name="test" time="2.391" classname="com.test.apache.Getprice"/>
  <testcase name="test" time="2.312" classname="com.test.apache.Getprice"/>
  <testcase name="test" time="2.281" classname="com.test.apache.Getprice"/>
  <testcase name="test" time="2.381" classname="com.test.apache.Getprice"/>
  <testcase name="test" time="2.285" classname="com.test.apache.Getprice"/>
  <testcase name="test" time="2.258" classname="com.test.apache.Getprice"/>
  <testcase name="test" time="2.299" classname="com.test.apache.Getprice"/>
  <testcase name="test" time="2.286" classname="com.test.apache.Getprice"/>
  <testcase name="test" time="2.303" classname="com.test.apache.Getprice"/>
  <testcase name="test" time="2.358" classname="com.test.apache.Getprice"/>
  <testcase name="test" time="2.305" classname="com.test.apache.Getprice"/>
  <testcase name="test" time="2.407" classname="com.test.apache.Getprice"/>
  <testcase name="test" time="2.346" classname="com.test.apache.Getprice"/>
  <testcase name="test" time="2.255" classname="com.test.apache.Getprice"/>
  <testcase name="test" time="2.395" classname="com.test.apache.Getprice"/>
  <testcase name="test" time="2.319" classname="com.test.apache.Getprice"/>
  <testcase name="test" time="2.386" classname="com.test.apache.Getprice"/>
  <testcase name="test" time="2.306" classname="com.test.apache.Getprice"/>
  <testcase name="test" time="2.3" classname="com.test.apache.Getprice"/>
  <testcase name="test" time="2.276" classname="com.test.apache.Getprice"/>
  <testcase name="test" time="2.371" classname="com.test.apache.Getprice"/>
  <testcase name="test" time="2.325" classname="com.test.apache.Getprice"/>
  <testcase name="test" time="2.303" classname="com.test.apache.Getprice"/>
  <testcase name="test" time="2.278" classname="com.test.apache.Getprice"/>
  <testcase name="test" time="2.342" classname="com.test.apache.Getprice"/>
  <testcase name="test" time="2.345" classname="com.test.apache.Getprice"/>
  <testcase name="test" time="2.403" classname="com.test.apache.Getprice"/>
  <testcase name="test" time="2.346" classname="com.test.apache.Getprice"/>
  <testcase name="test" time="2.334" classname="com.test.apache.Getprice"/>
  <testcase name="test" time="2.313" classname="com.test.apache.Getprice"/>
  <testcase name="test" time="2.283" classname="com.test.apache.Getprice"/>
  <testcase name="test" time="2.337" classname="com.test.apache.Getprice"/>
  <testcase name="test" time="2.309" classname="com.test.apache.Getprice"/>
  <testcase name="test" time="2.244" classname="com.test.apache.Getprice"/>
  <testcase name="test" time="2.248" classname="com.test.apache.Getprice"/>
  <testcase name="test" time="2.367" classname="com.test.apache.Getprice"/>
  <testcase name="test" time="2.285" classname="com.test.apache.Getprice"/>
  <testcase name="test" time="2.328" classname="com.test.apache.Getprice"/>
  <testcase name="test" time="2.339" classname="com.test.apache.Getprice"/>
  <testcase name="test" time="2.33" classname="com.test.apache.Getprice"/>
  <testcase name="test" time="2.354" classname="com.test.apache.Getprice"/>
  <testcase name="test" time="2.436" classname="com.test.apache.Getprice"/>
  <testcase name="test" time="2.266" classname="com.test.apache.Getprice"/>
  <testcase name="test" time="2.254" classname="com.test.apache.Getprice"/>
  <testcase name="test" time="2.464" classname="com.test.apache.Getprice"/>
  <testcase name="test" time="2.288" classname="com.test.apache.Getprice"/>
  <testcase name="test" time="2.324" classname="com.test.apache.Getprice"/>
  <testcase name="test" time="2.262" classname="com.test.apache.Getprice"/>
  <testcase name="test" time="2.317" classname="com.test.apache.Getprice"/>
  <testcase name="test" time="2.305" classname="com.test.apache.Getprice"/>
  <testcase name="test" time="2.305" classname="com.test.apache.Getprice"/>
  <testcase name="test" time="2.279" classname="com.test.apache.Getprice"/>
  <testcase name="test" time="2.305" classname="com.test.apache.Getprice"/>
  <testcase name="test" time="2.39" classname="com.test.apache.Getprice"/>
  <testcase name="test" time="2.366" classname="com.test.apache.Getprice"/>
  <testcase name="test" time="2.296" classname="com.test.apache.Getprice"/>
  <testcase name="test" time="2.389" classname="com.test.apache.Getprice"/>
  <testcase name="test" time="2.344" classname="com.test.apache.Getprice"/>
  <testcase name="test" time="2.312" classname="com.test.apache.Getprice"/>
  <testcase name="test" time="2.336" classname="com.test.apache.Getprice"/>
  <testcase name="test" time="2.346" classname="com.test.apache.Getprice"/>
  <testcase name="test" time="2.245" classname="com.test.apache.Getprice"/>
  <testcase name="test" time="2.271" classname="com.test.apache.Getprice"/>
  <testcase name="test" time="2.26" classname="com.test.apache.Getprice"/>
  <testcase name="test" time="2.307" classname="com.test.apache.Getprice"/>
  <testcase name="test" time="2.317" classname="com.test.apache.Getprice"/>
  <testcase name="test" time="2.302" classname="com.test.apache.Getprice"/>
  <testcase name="test" time="2.346" classname="com.test.apache.Getprice"/>
  <testcase name="test" time="2.285" classname="com.test.apache.Getprice"/>
  <testcase name="test" time="2.331" classname="com.test.apache.Getprice"/>
  <testcase name="test" time="2.272" classname="com.test.apache.Getprice"/>
  <testcase name="test" time="2.361" classname="com.test.apache.Getprice"/>
  <testcase name="test" time="2.28" classname="com.test.apache.Getprice"/>
  <testcase name="test" time="2.288" classname="com.test.apache.Getprice"/>
  <testcase name="test" time="2.339" classname="com.test.apache.Getprice">
    <failure type="java.lang.AssertionError" message="expected [.0] but found [102611.0]">
      <![CDATA[java.lang.AssertionError: expected [.0] but found [102611.0]
at com.test.apache.Getprice.test(Getprice.java:77)
... Removed 30 stack frames]]>
    </failure>
  </testcase> <!-- test -->
  <testcase name="test" time="2.289" classname="com.test.apache.Getprice"/>
  <testcase name="test" time="2.258" classname="com.test.apache.Getprice"/>
  <testcase name="test" time="2.337" classname="com.test.apache.Getprice"/>
  <testcase name="test" time="2.336" classname="com.test.apache.Getprice"/>
  <testcase name="test" time="2.268" classname="com.test.apache.Getprice"/>
  <testcase name="test" time="2.303" classname="com.test.apache.Getprice"/>
  <testcase name="test" time="2.336" classname="com.test.apache.Getprice"/>
  <testcase name="test" time="0.235" classname="com.test.apache.Getprice">
    <failure type="org.openqa.selenium.StaleElementReferenceException" message="stale element reference: element is not attached to the page document
  (Session info: headless chrome=75.0.3770.100)
  (Driver info: chromedriver=74.0.3729.6 (255758eccf3d244491b8a1317aa76e1ce10d57e9-refs/branch-heads/3729@{#29}),platform=Linux 4.18.0-10-generic x86_64) (WARNING: The server did not provide any stacktrace information)
Command duration or timeout: 0 milliseconds
For documentation on this error, please visit: https://www.seleniumhq.org/exceptions/stale_element_reference.html
Build info: version: &amp;apos;3.141.59&amp;apos;, revision: &amp;apos;e82be7d358&amp;apos;, time: &amp;apos;2018-11-14T08:17:03&amp;apos;
System info: host: &amp;apos;epagedev&amp;apos;, ip: &amp;apos;127.0.0.1&amp;apos;, os.name: &amp;apos;Linux&amp;apos;, os.arch: &amp;apos;amd64&amp;apos;, os.version: &amp;apos;4.18.0-10-generic&amp;apos;, java.version: &amp;apos;1.8.0_191&amp;apos;
Driver info: org.openqa.selenium.chrome.ChromeDriver
Capabilities {acceptInsecureCerts: false, acceptSslCerts: false, applicationCacheEnabled: false, browserConnectionEnabled: false, browserName: chrome, chrome: {chromedriverVersion: 74.0.3729.6 (255758eccf3d24..., userDataDir: /tmp/.com.google.Chrome.uQkaWR}, cssSelectorsEnabled: true, databaseEnabled: false, goog:chromeOptions: {debuggerAddress: localhost:45659}, handlesAlerts: true, hasTouchScreen: false, javascriptEnabled: true, locationContextEnabled: true, mobileEmulationEnabled: false, nativeEvents: true, networkConnectionEnabled: false, pageLoadStrategy: normal, platform: LINUX, platformName: LINUX, proxy: Proxy(), rotatable: false, setWindowRect: true, strictFileInteractability: false, takesHeapSnapshot: true, takesScreenshot: true, timeouts: {implicit: 0, pageLoad: 300000, script: 30000}, unexpectedAlertBehaviour: ignore, unhandledPromptBehavior: ignore, version: 75.0.3770.100, webStorageEnabled: true}
Session ID: d934c32da635f0b6eb30435f763c2dc4">
      <![CDATA[org.openqa.selenium.StaleElementReferenceException: stale element reference: element is not attached to the page document
  (Session info: headless chrome=75.0.3770.100)
  (Driver info: chromedriver=74.0.3729.6 (255758eccf3d244491b8a1317aa76e1ce10d57e9-refs/branch-heads/3729@{#29}),platform=Linux 4.18.0-10-generic x86_64) (WARNING: The server did not provide any stacktrace information)
Command duration or timeout: 0 milliseconds
For documentation on this error, please visit: https://www.seleniumhq.org/exceptions/stale_element_reference.html
Build info: version: '3.141.59', revision: 'e82be7d358', time: '2018-11-14T08:17:03'
System info: host: 'epagedev', ip: '127.0.0.1', os.name: 'Linux', os.arch: 'amd64', os.version: '4.18.0-10-generic', java.version: '1.8.0_191'
Driver info: org.openqa.selenium.chrome.ChromeDriver
Capabilities {acceptInsecureCerts: false, acceptSslCerts: false, applicationCacheEnabled: false, browserConnectionEnabled: false, browserName: chrome, chrome: {chromedriverVersion: 74.0.3729.6 (255758eccf3d24..., userDataDir: /tmp/.com.google.Chrome.uQkaWR}, cssSelectorsEnabled: true, databaseEnabled: false, goog:chromeOptions: {debuggerAddress: localhost:45659}, handlesAlerts: true, hasTouchScreen: false, javascriptEnabled: true, locationContextEnabled: true, mobileEmulationEnabled: false, nativeEvents: true, networkConnectionEnabled: false, pageLoadStrategy: normal, platform: LINUX, platformName: LINUX, proxy: Proxy(), rotatable: false, setWindowRect: true, strictFileInteractability: false, takesHeapSnapshot: true, takesScreenshot: true, timeouts: {implicit: 0, pageLoad: 300000, script: 30000}, unexpectedAlertBehaviour: ignore, unhandledPromptBehavior: ignore, version: 75.0.3770.100, webStorageEnabled: true}
Session ID: d934c32da635f0b6eb30435f763c2dc4
at org.openqa.selenium.remote.ErrorHandler.createThrowable(ErrorHandler.java:214)
at org.openqa.selenium.remote.ErrorHandler.throwIfResponseFailed(ErrorHandler.java:166)
at org.openqa.selenium.remote.http.JsonHttpResponseCodec.reconstructValue(JsonHttpResponseCodec.java:40)
at org.openqa.selenium.remote.http.AbstractHttpResponseCodec.decode(AbstractHttpResponseCodec.java:80)
at org.openqa.selenium.remote.http.AbstractHttpResponseCodec.decode(AbstractHttpResponseCodec.java:44)
at org.openqa.selenium.remote.HttpCommandExecutor.execute(HttpCommandExecutor.java:158)
at org.openqa.selenium.remote.service.DriverCommandExecutor.execute(DriverCommandExecutor.java:83)
at org.openqa.selenium.remote.RemoteWebDriver.execute(RemoteWebDriver.java:552)
at org.openqa.selenium.remote.RemoteWebElement.execute(RemoteWebElement.java:285)
at org.openqa.selenium.remote.RemoteWebElement.isSelected(RemoteWebElement.java:146)
at org.openqa.selenium.support.ui.Select.setSelected(Select.java:310)
at org.openqa.selenium.support.ui.Select.selectByVisibleText(Select.java:116)
at com.elements.Tvsapache.selectstate(Tvsapache.java:140)
at com.test.apache.Getprice.test(Getprice.java:66)
... Removed 28 stack frames]]>
    </failure>
  </testcase> <!-- test -->
  <testcase name="test" time="2.326" classname="com.test.apache.Getprice"/>
  <testcase name="test" time="2.259" classname="com.test.apache.Getprice">
    <failure type="java.lang.AssertionError" message="expected [.0] but found [91722.0]">
      <![CDATA[java.lang.AssertionError: expected [.0] but found [91722.0]
at com.test.apache.Getprice.test(Getprice.java:77)
... Removed 30 stack frames]]>
    </failure>
  </testcase> <!-- test -->
  <testcase name="test" time="2.311" classname="com.test.apache.Getprice"/>
  <testcase name="test" time="2.429" classname="com.test.apache.Getprice"/>
  <testcase name="test" time="2.313" classname="com.test.apache.Getprice"/>
  <testcase name="test" time="2.32" classname="com.test.apache.Getprice"/>
  <testcase name="test" time="2.382" classname="com.test.apache.Getprice"/>
  <testcase name="test" time="2.352" classname="com.test.apache.Getprice"/>
  <testcase name="test" time="2.287" classname="com.test.apache.Getprice"/>
  <testcase name="test" time="2.29" classname="com.test.apache.Getprice"/>
  <testcase name="test" time="2.382" classname="com.test.apache.Getprice"/>
  <testcase name="test" time="2.298" classname="com.test.apache.Getprice"/>
  <testcase name="test" time="2.295" classname="com.test.apache.Getprice"/>
  <testcase name="test" time="2.263" classname="com.test.apache.Getprice"/>
  <testcase name="test" time="2.371" classname="com.test.apache.Getprice"/>
  <testcase name="test" time="2.261" classname="com.test.apache.Getprice"/>
  <testcase name="test" time="2.367" classname="com.test.apache.Getprice"/>
  <testcase name="test" time="2.332" classname="com.test.apache.Getprice"/>
  <testcase name="test" time="2.376" classname="com.test.apache.Getprice"/>
  <testcase name="test" time="2.323" classname="com.test.apache.Getprice"/>
  <testcase name="test" time="2.306" classname="com.test.apache.Getprice"/>
  <testcase name="test" time="2.268" classname="com.test.apache.Getprice">
    <failure type="java.lang.AssertionError" message="expected [.0] but found [102737.0]">
      <![CDATA[java.lang.AssertionError: expected [.0] but found [102737.0]
at com.test.apache.Getprice.test(Getprice.java:77)
... Removed 30 stack frames]]>
    </failure>
  </testcase> <!-- test -->
  <testcase name="test" time="2.262" classname="com.test.apache.Getprice"/>
  <testcase name="test" time="2.277" classname="com.test.apache.Getprice"/>
  <testcase name="test" time="2.253" classname="com.test.apache.Getprice"/>
  <testcase name="test" time="2.364" classname="com.test.apache.Getprice"/>
  <testcase name="test" time="2.289" classname="com.test.apache.Getprice"/>
  <testcase name="test" time="2.394" classname="com.test.apache.Getprice">
    <failure type="java.lang.AssertionError" message="expected [.0] but found [88642.0]">
      <![CDATA[java.lang.AssertionError: expected [.0] but found [88642.0]
at com.test.apache.Getprice.test(Getprice.java:77)
... Removed 30 stack frames]]>
    </failure>
  </testcase> <!-- test -->
  <testcase name="test" time="2.324" classname="com.test.apache.Getprice"/>
  <testcase name="test" time="2.278" classname="com.test.apache.Getprice"/>
  <testcase name="test" time="2.287" classname="com.test.apache.Getprice"/>
  <testcase name="test" time="2.298" classname="com.test.apache.Getprice"/>
  <testcase name="test" time="2.342" classname="com.test.apache.Getprice"/>
  <testcase name="test" time="2.407" classname="com.test.apache.Getprice"/>
  <testcase name="test" time="2.32" classname="com.test.apache.Getprice"/>
  <testcase name="test" time="2.368" classname="com.test.apache.Getprice"/>
  <testcase name="test" time="2.364" classname="com.test.apache.Getprice"/>
  <testcase name="test" time="2.388" classname="com.test.apache.Getprice"/>
  <testcase name="test" time="2.309" classname="com.test.apache.Getprice"/>
  <testcase name="test" time="2.345" classname="com.test.apache.Getprice"/>
  <testcase name="test" time="2.327" classname="com.test.apache.Getprice"/>
  <testcase name="test" time="2.257" classname="com.test.apache.Getprice"/>
  <testcase name="test" time="2.34" classname="com.test.apache.Getprice"/>
  <testcase name="test" time="2.286" classname="com.test.apache.Getprice"/>
  <testcase name="test" time="2.278" classname="com.test.apache.Getprice"/>
  <testcase name="test" time="2.298" classname="com.test.apache.Getprice"/>
  <testcase name="test" time="2.382" classname="com.test.apache.Getprice"/>
  <testcase name="test" time="2.38" classname="com.test.apache.Getprice"/>
  <testcase name="test" time="2.373" classname="com.test.apache.Getprice"/>
  <testcase name="test" time="2.268" classname="com.test.apache.Getprice"/>
  <testcase name="test" time="2.339" classname="com.test.apache.Getprice"/>
  <testcase name="test" time="2.308" classname="com.test.apache.Getprice"/>
  <testcase name="test" time="2.29" classname="com.test.apache.Getprice"/>
  <testcase name="test" time="2.303" classname="com.test.apache.Getprice"/>
  <testcase name="test" time="2.363" classname="com.test.apache.Getprice"/>
  <testcase name="test" time="2.272" classname="com.test.apache.Getprice"/>
  <testcase name="test" time="2.272" classname="com.test.apache.Getprice"/>
  <testcase name="test" time="2.367" classname="com.test.apache.Getprice">
    <failure type="java.lang.AssertionError" message="expected [.0] but found [89243.0]">
      <![CDATA[java.lang.AssertionError: expected [.0] but found [89243.0]
at com.test.apache.Getprice.test(Getprice.java:77)
... Removed 30 stack frames]]>
    </failure>
  </testcase> <!-- test -->
  <testcase name="test" time="2.26" classname="com.test.apache.Getprice"/>
  <testcase name="test" time="2.338" classname="com.test.apache.Getprice"/>
  <testcase name="test" time="2.321" classname="com.test.apache.Getprice"/>
  <testcase name="test" time="2.296" classname="com.test.apache.Getprice"/>
  <testcase name="test" time="2.307" classname="com.test.apache.Getprice"/>
  <testcase name="test" time="2.407" classname="com.test.apache.Getprice"/>
  <testcase name="test" time="2.304" classname="com.test.apache.Getprice"/>
  <testcase name="test" time="2.319" classname="com.test.apache.Getprice"/>
  <testcase name="test" time="2.319" classname="com.test.apache.Getprice"/>
  <testcase name="test" time="2.294" classname="com.test.apache.Getprice"/>
  <testcase name="test" time="2.281" classname="com.test.apache.Getprice"/>
  <testcase name="test" time="2.307" classname="com.test.apache.Getprice"/>
  <testcase name="test" time="2.3" classname="com.test.apache.Getprice"/>
  <testcase name="test" time="2.27" classname="com.test.apache.Getprice"/>
  <testcase name="test" time="2.374" classname="com.test.apache.Getprice"/>
  <testcase name="test" time="2.273" classname="com.test.apache.Getprice"/>
  <testcase name="test" time="2.287" classname="com.test.apache.Getprice"/>
  <testcase name="test" time="2.307" classname="com.test.apache.Getprice"/>
  <testcase name="test" time="2.432" classname="com.test.apache.Getprice"/>
  <testcase name="test" time="2.319" classname="com.test.apache.Getprice"/>
  <testcase name="test" time="2.364" classname="com.test.apache.Getprice"/>
  <testcase name="test" time="2.343" classname="com.test.apache.Getprice"/>
  <testcase name="test" time="2.269" classname="com.test.apache.Getprice"/>
  <testcase name="test" time="2.317" classname="com.test.apache.Getprice"/>
  <testcase name="test" time="2.331" classname="com.test.apache.Getprice"/>
  <testcase name="test" time="2.276" classname="com.test.apache.Getprice"/>
  <testcase name="test" time="2.34" classname="com.test.apache.Getprice"/>
  <testcase name="test" time="2.28" classname="com.test.apache.Getprice"/>
  <testcase name="test" time="2.271" classname="com.test.apache.Getprice"/>
  <testcase name="test" time="2.276" classname="com.test.apache.Getprice"/>
  <testcase name="test" time="2.264" classname="com.test.apache.Getprice"/>
  <testcase name="test" time="2.306" classname="com.test.apache.Getprice"/>
  <testcase name="test" time="2.349" classname="com.test.apache.Getprice"/>
  <testcase name="test" time="2.345" classname="com.test.apache.Getprice"/>
  <testcase name="test" time="2.262" classname="com.test.apache.Getprice"/>
  <testcase name="test" time="2.364" classname="com.test.apache.Getprice"/>
  <testcase name="test" time="2.316" classname="com.test.apache.Getprice"/>
  <testcase name="test" time="2.267" classname="com.test.apache.Getprice"/>
  <testcase name="test" time="2.358" classname="com.test.apache.Getprice"/>
  <testcase name="test" time="2.287" classname="com.test.apache.Getprice"/>
  <testcase name="test" time="2.297" classname="com.test.apache.Getprice"/>
  <testcase name="test" time="2.327" classname="com.test.apache.Getprice"/>
  <testcase name="test" time="2.294" classname="com.test.apache.Getprice"/>
  <testcase name="test" time="2.331" classname="com.test.apache.Getprice"/>
  <testcase name="test" time="2.391" classname="com.test.apache.Getprice"/>
  <testcase name="test" time="2.329" classname="com.test.apache.Getprice"/>
  <testcase name="test" time="2.345" classname="com.test.apache.Getprice"/>
  <testcase name="test" time="2.32" classname="com.test.apache.Getprice"/>
  <testcase name="test" time="2.292" classname="com.test.apache.Getprice"/>
  <testcase name="test" time="2.285" classname="com.test.apache.Getprice"/>
  <testcase name="test" time="2.393" classname="com.test.apache.Getprice"/>
  <testcase name="test" time="2.269" classname="com.test.apache.Getprice"/>
  <testcase name="test" time="2.31" classname="com.test.apache.Getprice"/>
  <testcase name="test" time="2.374" classname="com.test.apache.Getprice"/>
  <testcase name="test" time="2.304" classname="com.test.apache.Getprice"/>
  <testcase name="test" time="2.294" classname="com.test.apache.Getprice"/>
  <testcase name="test" time="2.334" classname="com.test.apache.Getprice"/>
  <testcase name="test" time="2.264" classname="com.test.apache.Getprice"/>
  <testcase name="test" time="2.287" classname="com.test.apache.Getprice"/>
  <testcase name="test" time="2.315" classname="com.test.apache.Getprice"/>
  <testcase name="test" time="2.28" classname="com.test.apache.Getprice"/>
  <testcase name="test" time="2.286" classname="com.test.apache.Getprice"/>
  <testcase name="test" time="2.267" classname="com.test.apache.Getprice"/>
  <testcase name="test" time="2.349" classname="com.test.apache.Getprice"/>
  <testcase name="test" time="2.357" classname="com.test.apache.Getprice"/>
  <testcase name="test" time="2.372" classname="com.test.apache.Getprice"/>
  <testcase name="test" time="2.335" classname="com.test.apache.Getprice"/>
  <testcase name="test" time="2.323" classname="com.test.apache.Getprice"/>
  <testcase name="test" time="2.357" classname="com.test.apache.Getprice"/>
  <testcase name="test" time="2.333" classname="com.test.apache.Getprice"/>
  <testcase name="test" time="2.276" classname="com.test.apache.Getprice"/>
  <testcase name="test" time="2.309" classname="com.test.apache.Getprice"/>
  <testcase name="test" time="2.334" classname="com.test.apache.Getprice"/>
  <testcase name="test" time="2.275" classname="com.test.apache.Getprice"/>
  <testcase name="test" time="2.326" classname="com.test.apache.Getprice"/>
  <testcase name="test" time="2.272" classname="com.test.apache.Getprice"/>
  <testcase name="test" time="2.306" classname="com.test.apache.Getprice"/>
  <testcase name="test" time="2.346" classname="com.test.apache.Getprice"/>
  <testcase name="test" time="2.327" classname="com.test.apache.Getprice"/>
  <testcase name="test" time="2.263" classname="com.test.apache.Getprice"/>
  <testcase name="test" time="2.393" classname="com.test.apache.Getprice"/>
  <testcase name="test" time="2.313" classname="com.test.apache.Getprice">
    <failure type="java.lang.AssertionError" message="expected [112348.0] but found [99648.0]">
      <![CDATA[java.lang.AssertionError: expected [112348.0] but found [99648.0]
at com.test.apache.Getprice.test(Getprice.java:77)
... Removed 30 stack frames]]>
    </failure>
  </testcase> <!-- test -->
  <testcase name="test" time="2.255" classname="com.test.apache.Getprice"/>
  <testcase name="test" time="2.36" classname="com.test.apache.Getprice"/>
  <testcase name="test" time="2.264" classname="com.test.apache.Getprice"/>
  <testcase name="test" time="2.282" classname="com.test.apache.Getprice"/>
  <testcase name="test" time="2.236" classname="com.test.apache.Getprice"/>
  <testcase name="test" time="2.405" classname="com.test.apache.Getprice"/>
  <testcase name="test" time="2.308" classname="com.test.apache.Getprice">
    <failure type="java.lang.AssertionError" message="expected [85655.0] but found [86003.0]">
      <![CDATA[java.lang.AssertionError: expected [85655.0] but found [86003.0]
at com.test.apache.Getprice.test(Getprice.java:77)
... Removed 30 stack frames]]>
    </failure>
  </testcase> <!-- test -->
  <testcase name="test" time="2.339" classname="com.test.apache.Getprice"/>
  <testcase name="test" time="2.332" classname="com.test.apache.Getprice"/>
  <testcase name="test" time="2.289" classname="com.test.apache.Getprice"/>
  <testcase name="test" time="2.335" classname="com.test.apache.Getprice"/>
  <testcase name="test" time="2.33" classname="com.test.apache.Getprice"/>
  <testcase name="test" time="2.285" classname="com.test.apache.Getprice"/>
  <testcase name="test" time="2.742" classname="com.test.apache.Getprice"/>
  <testcase name="test" time="2.337" classname="com.test.apache.Getprice">
    <failure type="java.lang.AssertionError" message="expected [115598.0] but found [102898.0]">
      <![CDATA[java.lang.AssertionError: expected [115598.0] but found [102898.0]
at com.test.apache.Getprice.test(Getprice.java:77)
... Removed 30 stack frames]]>
    </failure>
  </testcase> <!-- test -->
  <testcase name="test" time="2.304" classname="com.test.apache.Getprice"/>
  <testcase name="test" time="2.361" classname="com.test.apache.Getprice"/>
  <testcase name="test" time="2.283" classname="com.test.apache.Getprice"/>
  <testcase name="test" time="2.245" classname="com.test.apache.Getprice"/>
  <testcase name="test" time="2.239" classname="com.test.apache.Getprice"/>
  <testcase name="test" time="2.331" classname="com.test.apache.Getprice"/>
  <testcase name="test" time="2.277" classname="com.test.apache.Getprice">
    <failure type="java.lang.AssertionError" message="expected [86145.0] but found [86493.0]">
      <![CDATA[java.lang.AssertionError: expected [86145.0] but found [86493.0]
at com.test.apache.Getprice.test(Getprice.java:77)
... Removed 30 stack frames]]>
    </failure>
  </testcase> <!-- test -->
  <testcase name="test" time="2.366" classname="com.test.apache.Getprice"/>
  <testcase name="test" time="2.295" classname="com.test.apache.Getprice"/>
  <testcase name="test" time="2.272" classname="com.test.apache.Getprice"/>
  <testcase name="test" time="2.301" classname="com.test.apache.Getprice"/>
  <testcase name="test" time="2.39" classname="com.test.apache.Getprice"/>
  <testcase name="test" time="2.341" classname="com.test.apache.Getprice"/>
  <testcase name="test" time="2.404" classname="com.test.apache.Getprice"/>
  <testcase name="test" time="2.288" classname="com.test.apache.Getprice">
    <failure type="java.lang.AssertionError" message="expected [113767.0] but found [101067.0]">
      <![CDATA[java.lang.AssertionError: expected [113767.0] but found [101067.0]
at com.test.apache.Getprice.test(Getprice.java:77)
... Removed 30 stack frames]]>
    </failure>
  </testcase> <!-- test -->
  <testcase name="test" time="2.24" classname="com.test.apache.Getprice"/>
  <testcase name="test" time="2.481" classname="com.test.apache.Getprice"/>
  <testcase name="test" time="2.279" classname="com.test.apache.Getprice"/>
  <testcase name="test" time="2.301" classname="com.test.apache.Getprice"/>
  <testcase name="test" time="2.344" classname="com.test.apache.Getprice"/>
  <testcase name="test" time="2.282" classname="com.test.apache.Getprice"/>
  <testcase name="test" time="2.32" classname="com.test.apache.Getprice">
    <failure type="java.lang.AssertionError" message="expected [86145.0] but found [86493.0]">
      <![CDATA[java.lang.AssertionError: expected [86145.0] but found [86493.0]
at com.test.apache.Getprice.test(Getprice.java:77)
... Removed 30 stack frames]]>
    </failure>
  </testcase> <!-- test -->
  <testcase name="test" time="2.323" classname="com.test.apache.Getprice"/>
  <testcase name="test" time="2.278" classname="com.test.apache.Getprice"/>
  <testcase name="test" time="2.257" classname="com.test.apache.Getprice"/>
  <testcase name="test" time="2.271" classname="com.test.apache.Getprice"/>
  <testcase name="test" time="2.343" classname="com.test.apache.Getprice"/>
  <testcase name="test" time="2.288" classname="com.test.apache.Getprice"/>
  <testcase name="test" time="2.418" classname="com.test.apache.Getprice"/>
  <testcase name="test" time="2.282" classname="com.test.apache.Getprice">
    <failure type="java.lang.AssertionError" message="expected [115273.0] but found [102573.0]">
      <![CDATA[java.lang.AssertionError: expected [115273.0] but found [102573.0]
at com.test.apache.Getprice.test(Getprice.java:77)
... Removed 30 stack frames]]>
    </failure>
  </testcase> <!-- test -->
  <testcase name="test" time="2.319" classname="com.test.apache.Getprice"/>
  <testcase name="test" time="2.333" classname="com.test.apache.Getprice"/>
  <testcase name="test" time="2.266" classname="com.test.apache.Getprice"/>
  <testcase name="test" time="2.371" classname="com.test.apache.Getprice"/>
  <testcase name="test" time="2.307" classname="com.test.apache.Getprice"/>
  <testcase name="test" time="2.224" classname="com.test.apache.Getprice"/>
  <testcase name="test" time="2.272" classname="com.test.apache.Getprice">
    <failure type="java.lang.AssertionError" message="expected [86145.0] but found [86493.0]">
      <![CDATA[java.lang.AssertionError: expected [86145.0] but found [86493.0]
at com.test.apache.Getprice.test(Getprice.java:77)
... Removed 30 stack frames]]>
    </failure>
  </testcase> <!-- test -->
  <testcase name="test" time="2.317" classname="com.test.apache.Getprice"/>
  <testcase name="test" time="2.315" classname="com.test.apache.Getprice"/>
  <testcase name="test" time="2.262" classname="com.test.apache.Getprice"/>
  <testcase name="test" time="2.303" classname="com.test.apache.Getprice"/>
  <testcase name="test" time="2.33" classname="com.test.apache.Getprice"/>
  <testcase name="test" time="2.253" classname="com.test.apache.Getprice"/>
  <testcase name="test" time="2.424" classname="com.test.apache.Getprice"/>
  <testcase name="test" time="2.343" classname="com.test.apache.Getprice">
    <failure type="java.lang.AssertionError" message="expected [114223.0] but found [101523.0]">
      <![CDATA[java.lang.AssertionError: expected [114223.0] but found [101523.0]
at com.test.apache.Getprice.test(Getprice.java:77)
... Removed 30 stack frames]]>
    </failure>
  </testcase> <!-- test -->
  <testcase name="test" time="2.279" classname="com.test.apache.Getprice"/>
  <testcase name="test" time="2.332" classname="com.test.apache.Getprice"/>
  <testcase name="test" time="2.352" classname="com.test.apache.Getprice"/>
  <testcase name="test" time="2.303" classname="com.test.apache.Getprice"/>
  <testcase name="test" time="2.279" classname="com.test.apache.Getprice"/>
  <testcase name="test" time="2.258" classname="com.test.apache.Getprice"/>
  <testcase name="test" time="2.288" classname="com.test.apache.Getprice">
    <failure type="java.lang.AssertionError" message="expected [85655.0] but found [86003.0]">
      <![CDATA[java.lang.AssertionError: expected [85655.0] but found [86003.0]
at com.test.apache.Getprice.test(Getprice.java:77)
... Removed 30 stack frames]]>
    </failure>
  </testcase> <!-- test -->
  <testcase name="test" time="2.326" classname="com.test.apache.Getprice"/>
  <testcase name="test" time="2.28" classname="com.test.apache.Getprice"/>
  <testcase name="test" time="2.259" classname="com.test.apache.Getprice"/>
  <testcase name="test" time="2.33" classname="com.test.apache.Getprice"/>
  <testcase name="test" time="2.386" classname="com.test.apache.Getprice"/>
  <testcase name="test" time="2.257" classname="com.test.apache.Getprice"/>
  <testcase name="test" time="2.354" classname="com.test.apache.Getprice"/>
  <testcase name="test" time="2.328" classname="com.test.apache.Getprice">
    <failure type="java.lang.AssertionError" message="expected [118087.0] but found [105387.0]">
      <![CDATA[java.lang.AssertionError: expected [118087.0] but found [105387.0]
at com.test.apache.Getprice.test(Getprice.java:77)
... Removed 30 stack frames]]>
    </failure>
  </testcase> <!-- test -->
  <testcase name="test" time="2.273" classname="com.test.apache.Getprice"/>
  <testcase name="test" time="2.324" classname="com.test.apache.Getprice"/>
  <testcase name="test" time="2.316" classname="com.test.apache.Getprice"/>
  <testcase name="test" time="2.305" classname="com.test.apache.Getprice"/>
  <testcase name="test" time="2.336" classname="com.test.apache.Getprice"/>
  <testcase name="test" time="2.312" classname="com.test.apache.Getprice"/>
  <testcase name="test" time="2.276" classname="com.test.apache.Getprice">
    <failure type="java.lang.AssertionError" message="expected [85655.0] but found [86003.0]">
      <![CDATA[java.lang.AssertionError: expected [85655.0] but found [86003.0]
at com.test.apache.Getprice.test(Getprice.java:77)
... Removed 30 stack frames]]>
    </failure>
  </testcase> <!-- test -->
  <testcase name="test" time="2.363" classname="com.test.apache.Getprice"/>
  <testcase name="test" time="2.292" classname="com.test.apache.Getprice"/>
  <testcase name="test" time="2.26" classname="com.test.apache.Getprice"/>
  <testcase name="test" time="2.342" classname="com.test.apache.Getprice"/>
  <testcase name="test" time="2.366" classname="com.test.apache.Getprice"/>
  <testcase name="test" time="2.34" classname="com.test.apache.Getprice">
    <failure type="java.lang.AssertionError" message="expected [88181.0] but found [88529.0]">
      <![CDATA[java.lang.AssertionError: expected [88181.0] but found [88529.0]
at com.test.apache.Getprice.test(Getprice.java:77)
... Removed 30 stack frames]]>
    </failure>
  </testcase> <!-- test -->
  <testcase name="test" time="2.344" classname="com.test.apache.Getprice"/>
  <testcase name="test" time="2.293" classname="com.test.apache.Getprice">
    <failure type="java.lang.AssertionError" message="expected [118548.0] but found [105848.0]">
      <![CDATA[java.lang.AssertionError: expected [118548.0] but found [105848.0]
at com.test.apache.Getprice.test(Getprice.java:77)
... Removed 30 stack frames]]>
    </failure>
  </testcase> <!-- test -->
  <testcase name="test" time="2.26" classname="com.test.apache.Getprice">
    <failure type="java.lang.AssertionError" message="expected [105500.0] but found [105848.0]">
      <![CDATA[java.lang.AssertionError: expected [105500.0] but found [105848.0]
at com.test.apache.Getprice.test(Getprice.java:77)
... Removed 30 stack frames]]>
    </failure>
  </testcase> <!-- test -->
  <testcase name="test" time="2.32" classname="com.test.apache.Getprice"/>
  <testcase name="test" time="2.334" classname="com.test.apache.Getprice"/>
  <testcase name="test" time="2.276" classname="com.test.apache.Getprice"/>
  <testcase name="test" time="2.288" classname="com.test.apache.Getprice"/>
  <testcase name="test" time="2.243" classname="com.test.apache.Getprice"/>
  <testcase name="test" time="2.319" classname="com.test.apache.Getprice">
    <failure type="java.lang.AssertionError" message="expected [85330.0] but found [85678.0]">
      <![CDATA[java.lang.AssertionError: expected [85330.0] but found [85678.0]
at com.test.apache.Getprice.test(Getprice.java:77)
... Removed 30 stack frames]]>
    </failure>
  </testcase> <!-- test -->
  <testcase name="test" time="2.307" classname="com.test.apache.Getprice"/>
  <testcase name="test" time="2.261" classname="com.test.apache.Getprice"/>
  <testcase name="test" time="2.318" classname="com.test.apache.Getprice"/>
  <testcase name="test" time="2.334" classname="com.test.apache.Getprice"/>
  <testcase name="test" time="2.353" classname="com.test.apache.Getprice"/>
  <testcase name="test" time="2.308" classname="com.test.apache.Getprice"/>
  <testcase name="test" time="2.437" classname="com.test.apache.Getprice"/>
  <testcase name="test" time="2.301" classname="com.test.apache.Getprice">
    <failure type="java.lang.AssertionError" message="expected [118598.0] but found [105898.0]">
      <![CDATA[java.lang.AssertionError: expected [118598.0] but found [105898.0]
at com.test.apache.Getprice.test(Getprice.java:77)
... Removed 30 stack frames]]>
    </failure>
  </testcase> <!-- test -->
  <testcase name="test" time="2.37" classname="com.test.apache.Getprice"/>
  <testcase name="test" time="2.3" classname="com.test.apache.Getprice"/>
  <testcase name="test" time="2.382" classname="com.test.apache.Getprice"/>
  <testcase name="test" time="2.32" classname="com.test.apache.Getprice"/>
  <testcase name="test" time="2.258" classname="com.test.apache.Getprice"/>
  <testcase name="test" time="2.389" classname="com.test.apache.Getprice"/>
  <testcase name="test" time="2.353" classname="com.test.apache.Getprice">
    <failure type="java.lang.AssertionError" message="expected [84924.0] but found [85272.0]">
      <![CDATA[java.lang.AssertionError: expected [84924.0] but found [85272.0]
at com.test.apache.Getprice.test(Getprice.java:77)
... Removed 30 stack frames]]>
    </failure>
  </testcase> <!-- test -->
  <testcase name="test" time="2.295" classname="com.test.apache.Getprice"/>
  <testcase name="test" time="2.282" classname="com.test.apache.Getprice"/>
  <testcase name="test" time="2.381" classname="com.test.apache.Getprice"/>
  <testcase name="test" time="2.296" classname="com.test.apache.Getprice"/>
  <testcase name="test" time="2.331" classname="com.test.apache.Getprice"/>
  <testcase name="test" time="2.313" classname="com.test.apache.Getprice"/>
  <testcase name="test" time="2.363" classname="com.test.apache.Getprice"/>
  <testcase name="test" time="2.319" classname="com.test.apache.Getprice">
    <failure type="java.lang.AssertionError" message="expected [117698.0] but found [104998.0]">
      <![CDATA[java.lang.AssertionError: expected [117698.0] but found [104998.0]
at com.test.apache.Getprice.test(Getprice.java:77)
... Removed 30 stack frames]]>
    </failure>
  </testcase> <!-- test -->
  <testcase name="test" time="2.292" classname="com.test.apache.Getprice"/>
  <testcase name="test" time="2.427" classname="com.test.apache.Getprice"/>
  <testcase name="test" time="2.293" classname="com.test.apache.Getprice"/>
  <testcase name="test" time="2.334" classname="com.test.apache.Getprice"/>
  <testcase name="test" time="2.317" classname="com.test.apache.Getprice"/>
  <testcase name="test" time="2.3" classname="com.test.apache.Getprice"/>
  <testcase name="test" time="2.327" classname="com.test.apache.Getprice">
    <failure type="java.lang.AssertionError" message="expected [85358.0] but found [85706.0]">
      <![CDATA[java.lang.AssertionError: expected [85358.0] but found [85706.0]
at com.test.apache.Getprice.test(Getprice.java:77)
... Removed 30 stack frames]]>
    </failure>
  </testcase> <!-- test -->
  <testcase name="test" time="2.327" classname="com.test.apache.Getprice"/>
  <testcase name="test" time="2.343" classname="com.test.apache.Getprice"/>
  <testcase name="test" time="2.303" classname="com.test.apache.Getprice"/>
  <testcase name="test" time="2.295" classname="com.test.apache.Getprice"/>
  <testcase name="test" time="2.375" classname="com.test.apache.Getprice"/>
  <testcase name="test" time="2.31" classname="com.test.apache.Getprice"/>
  <testcase name="test" time="2.438" classname="com.test.apache.Getprice"/>
  <testcase name="test" time="2.335" classname="com.test.apache.Getprice">
    <failure type="java.lang.AssertionError" message="expected [118398.0] but found [105698.0]">
      <![CDATA[java.lang.AssertionError: expected [118398.0] but found [105698.0]
at com.test.apache.Getprice.test(Getprice.java:77)
... Removed 30 stack frames]]>
    </failure>
  </testcase> <!-- test -->
  <testcase name="test" time="2.312" classname="com.test.apache.Getprice"/>
  <testcase name="test" time="2.327" classname="com.test.apache.Getprice"/>
  <testcase name="test" time="2.318" classname="com.test.apache.Getprice"/>
  <testcase name="test" time="2.265" classname="com.test.apache.Getprice"/>
  <testcase name="test" time="2.274" classname="com.test.apache.Getprice"/>
  <testcase name="test" time="2.326" classname="com.test.apache.Getprice"/>
  <testcase name="test" time="2.326" classname="com.test.apache.Getprice">
    <failure type="java.lang.AssertionError" message="expected [85331.0] but found [85679.0]">
      <![CDATA[java.lang.AssertionError: expected [85331.0] but found [85679.0]
at com.test.apache.Getprice.test(Getprice.java:77)
... Removed 30 stack frames]]>
    </failure>
  </testcase> <!-- test -->
  <testcase name="test" time="2.297" classname="com.test.apache.Getprice"/>
  <testcase name="test" time="2.314" classname="com.test.apache.Getprice"/>
  <testcase name="test" time="2.321" classname="com.test.apache.Getprice"/>
  <testcase name="test" time="2.244" classname="com.test.apache.Getprice"/>
  <testcase name="test" time="2.349" classname="com.test.apache.Getprice"/>
  <testcase name="test" time="2.245" classname="com.test.apache.Getprice"/>
  <testcase name="test" time="2.351" classname="com.test.apache.Getprice"/>
  <testcase name="test" time="2.31" classname="com.test.apache.Getprice">
    <failure type="java.lang.AssertionError" message="expected [118548.0] but found [105848.0]">
      <![CDATA[java.lang.AssertionError: expected [118548.0] but found [105848.0]
at com.test.apache.Getprice.test(Getprice.java:77)
... Removed 30 stack frames]]>
    </failure>
  </testcase> <!-- test -->
  <testcase name="test" time="2.305" classname="com.test.apache.Getprice"/>
  <testcase name="test" time="2.58" classname="com.test.apache.Getprice"/>
  <testcase name="test" time="2.26" classname="com.test.apache.Getprice"/>
  <testcase name="test" time="2.322" classname="com.test.apache.Getprice"/>
  <testcase name="test" time="2.277" classname="com.test.apache.Getprice"/>
  <testcase name="test" time="2.319" classname="com.test.apache.Getprice"/>
  <testcase name="test" time="2.264" classname="com.test.apache.Getprice">
    <failure type="java.lang.AssertionError" message="expected [85331.0] but found [85679.0]">
      <![CDATA[java.lang.AssertionError: expected [85331.0] but found [85679.0]
at com.test.apache.Getprice.test(Getprice.java:77)
... Removed 30 stack frames]]>
    </failure>
  </testcase> <!-- test -->
  <testcase name="test" time="2.329" classname="com.test.apache.Getprice"/>
  <testcase name="test" time="2.345" classname="com.test.apache.Getprice"/>
  <testcase name="test" time="2.333" classname="com.test.apache.Getprice"/>
  <testcase name="test" time="2.31" classname="com.test.apache.Getprice"/>
  <testcase name="test" time="2.347" classname="com.test.apache.Getprice"/>
  <testcase name="test" time="2.289" classname="com.test.apache.Getprice"/>
  <testcase name="test" time="2.363" classname="com.test.apache.Getprice"/>
  <testcase name="test" time="2.265" classname="com.test.apache.Getprice">
    <failure type="java.lang.AssertionError" message="expected [116798.0] but found [104098.0]">
      <![CDATA[java.lang.AssertionError: expected [116798.0] but found [104098.0]
at com.test.apache.Getprice.test(Getprice.java:77)
... Removed 30 stack frames]]>
    </failure>
  </testcase> <!-- test -->
  <testcase name="test" time="2.315" classname="com.test.apache.Getprice"/>
  <testcase name="test" time="2.331" classname="com.test.apache.Getprice"/>
  <testcase name="test" time="2.307" classname="com.test.apache.Getprice"/>
  <testcase name="test" time="2.267" classname="com.test.apache.Getprice"/>
  <testcase name="test" time="2.329" classname="com.test.apache.Getprice"/>
  <testcase name="test" time="2.318" classname="com.test.apache.Getprice"/>
  <testcase name="test" time="2.268" classname="com.test.apache.Getprice">
    <failure type="java.lang.AssertionError" message="expected [85331.0] but found [85679.0]">
      <![CDATA[java.lang.AssertionError: expected [85331.0] but found [85679.0]
at com.test.apache.Getprice.test(Getprice.java:77)
... Removed 30 stack frames]]>
    </failure>
  </testcase> <!-- test -->
  <testcase name="test" time="2.29" classname="com.test.apache.Getprice"/>
  <testcase name="test" time="2.353" classname="com.test.apache.Getprice"/>
  <testcase name="test" time="2.245" classname="com.test.apache.Getprice"/>
  <testcase name="test" time="2.303" classname="com.test.apache.Getprice"/>
  <testcase name="test" time="2.378" classname="com.test.apache.Getprice"/>
  <testcase name="test" time="2.27" classname="com.test.apache.Getprice"/>
</testsuite> <!-- TVSXL verify product price -->
